d:\student data\documents\visual studio 2015\projects\shape2d solution\shape2d\x64\debug\vc140.pdb
d:\student data\documents\visual studio 2015\projects\shape2d solution\shape2d\x64\debug\vc140.idb
d:\student data\documents\visual studio 2015\projects\shape2d solution\shape2d\x64\debug\circle2d.obj
d:\student data\documents\visual studio 2015\projects\shape2d solution\shape2d\x64\debug\color.obj
d:\student data\documents\visual studio 2015\projects\shape2d solution\shape2d\x64\debug\point2d.obj
d:\student data\documents\visual studio 2015\projects\shape2d solution\shape2d\x64\debug\rectangle2d.obj
d:\student data\documents\visual studio 2015\projects\shape2d solution\shape2d\x64\debug\scene.obj
d:\student data\documents\visual studio 2015\projects\shape2d solution\shape2d\x64\debug\shape2d.obj
d:\student data\documents\visual studio 2015\projects\shape2d solution\shape2d\x64\debug\square2d.obj
d:\student data\documents\visual studio 2015\projects\shape2d solution\shape2d\x64\debug\triangle2d.obj
d:\student data\documents\visual studio 2015\projects\shape2d solution\shape2d\x64\debug\shapemain.obj
d:\student data\documents\visual studio 2015\projects\shape2d solution\shape2d\x64\debug\glutscene.obj
d:\student data\documents\visual studio 2015\projects\shape2d solution\shape2d\x64\debug\compositeshape.obj
d:\student data\documents\visual studio 2015\projects\shape2d solution\x64\debug\shape2d.ilk
d:\student data\documents\visual studio 2015\projects\shape2d solution\x64\debug\shape2d.exe
d:\student data\documents\visual studio 2015\projects\shape2d solution\x64\debug\shape2d.pdb
d:\student data\documents\visual studio 2015\projects\shape2d solution\shape2d\x64\debug\shape2d.tlog\cl.command.1.tlog
d:\student data\documents\visual studio 2015\projects\shape2d solution\shape2d\x64\debug\shape2d.tlog\cl.read.1.tlog
d:\student data\documents\visual studio 2015\projects\shape2d solution\shape2d\x64\debug\shape2d.tlog\cl.write.1.tlog
d:\student data\documents\visual studio 2015\projects\shape2d solution\shape2d\x64\debug\shape2d.tlog\link.command.1.tlog
d:\student data\documents\visual studio 2015\projects\shape2d solution\shape2d\x64\debug\shape2d.tlog\link.read.1.tlog
d:\student data\documents\visual studio 2015\projects\shape2d solution\shape2d\x64\debug\shape2d.tlog\link.write.1.tlog
